  [1m[36m (1.5ms)[0m  [1mCREATE TABLE "schema_migrations" ("version" varchar(255) NOT NULL) [0m
  [1m[35m (0.6ms)[0m  select sqlite_version(*)
  [1m[36m (1.1ms)[0m  [1mCREATE UNIQUE INDEX "unique_schema_migrations" ON "schema_migrations" ("version")[0m
  [1m[35mActiveRecord::SchemaMigration Load (0.1ms)[0m  SELECT "schema_migrations".* FROM "schema_migrations"
Migrating to CreateUsers (20141031173431)
  [1m[36m (0.1ms)[0m  [1mbegin transaction[0m
  [1m[35m (0.9ms)[0m  CREATE TABLE "users" ("id" INTEGER PRIMARY KEY AUTOINCREMENT NOT NULL, "name" varchar(255), "email" varchar(255), "created_at" datetime, "updated_at" datetime) 
  [1m[36mSQL (6.0ms)[0m  [1mINSERT INTO "schema_migrations" ("version") VALUES (?)[0m  [["version", "20141031173431"]]
  [1m[35m (1.1ms)[0m  commit transaction
  [1m[36mActiveRecord::SchemaMigration Load (0.1ms)[0m  [1mSELECT "schema_migrations".* FROM "schema_migrations"[0m
  [1m[36mActiveRecord::SchemaMigration Load (0.1ms)[0m  [1mSELECT "schema_migrations".* FROM "schema_migrations"[0m
Migrating to CreateMicroposts (20141104220356)
  [1m[35m (0.1ms)[0m  begin transaction
  [1m[36m (0.9ms)[0m  [1mCREATE TABLE "microposts" ("id" INTEGER PRIMARY KEY AUTOINCREMENT NOT NULL, "content" varchar(255), "user_id" integer, "created_at" datetime, "updated_at" datetime) [0m
  [1m[35mSQL (3.0ms)[0m  INSERT INTO "schema_migrations" ("version") VALUES (?)  [["version", "20141104220356"]]
  [1m[36m (1.3ms)[0m  [1mcommit transaction[0m
  [1m[35mActiveRecord::SchemaMigration Load (0.1ms)[0m  SELECT "schema_migrations".* FROM "schema_migrations"


Started GET "/users/3" for 127.0.0.1 at 2014-11-05 09:02:05 -0500
  [1m[36mActiveRecord::SchemaMigration Load (0.6ms)[0m  [1mSELECT "schema_migrations".* FROM "schema_migrations"[0m
Processing by UsersController#show as HTML
  Parameters: {"id"=>"3"}
  [1m[35mUser Load (0.5ms)[0m  SELECT  "users".* FROM "users"  WHERE "users"."id" = ? LIMIT 1  [["id", 3]]
  Rendered users/show.html.erb within layouts/application (50.1ms)
Completed 200 OK in 419ms (Views: 380.9ms | ActiveRecord: 0.9ms)


Started GET "/assets/microposts.css?body=1" for 127.0.0.1 at 2014-11-05 09:02:06 -0500


Started GET "/assets/jquery_ujs.js?body=1" for 127.0.0.1 at 2014-11-05 09:02:06 -0500


Started GET "/assets/scaffolds.css?body=1" for 127.0.0.1 at 2014-11-05 09:02:06 -0500


Started GET "/assets/application.css?body=1" for 127.0.0.1 at 2014-11-05 09:02:06 -0500


Started GET "/assets/users.css?body=1" for 127.0.0.1 at 2014-11-05 09:02:06 -0500


Started GET "/assets/jquery.js?body=1" for 127.0.0.1 at 2014-11-05 09:02:06 -0500


Started GET "/assets/microposts.js?body=1" for 127.0.0.1 at 2014-11-05 09:02:06 -0500


Started GET "/assets/users.js?body=1" for 127.0.0.1 at 2014-11-05 09:02:06 -0500


Started GET "/assets/turbolinks.js?body=1" for 127.0.0.1 at 2014-11-05 09:02:06 -0500


Started GET "/assets/application.js?body=1" for 127.0.0.1 at 2014-11-05 09:02:06 -0500


Started GET "/users" for 127.0.0.1 at 2014-11-05 09:02:08 -0500
Processing by UsersController#index as HTML
  [1m[36mUser Load (0.3ms)[0m  [1mSELECT "users".* FROM "users"[0m
  Rendered users/index.html.erb within layouts/application (3.8ms)
Completed 200 OK in 73ms (Views: 72.1ms | ActiveRecord: 0.3ms)


Started GET "/users" for 127.0.0.1 at 2014-11-05 09:04:51 -0500
Processing by UsersController#index as HTML
  [1m[35mUser Load (0.3ms)[0m  SELECT "users".* FROM "users"
  Rendered users/index.html.erb within layouts/application (3.6ms)
Completed 200 OK in 148ms (Views: 147.1ms | ActiveRecord: 0.3ms)


Started GET "/users" for 127.0.0.1 at 2014-11-05 09:04:51 -0500
Processing by UsersController#index as HTML
  [1m[36mUser Load (0.2ms)[0m  [1mSELECT "users".* FROM "users"[0m
  Rendered users/index.html.erb within layouts/application (2.6ms)
Completed 200 OK in 145ms (Views: 144.1ms | ActiveRecord: 0.2ms)


Started GET "/apple-touch-icon-precomposed.png" for 127.0.0.1 at 2014-11-05 09:04:52 -0500

ActionController::RoutingError (No route matches [GET] "/apple-touch-icon-precomposed.png"):
  actionpack (4.1.6) lib/action_dispatch/middleware/debug_exceptions.rb:21:in `call'
  actionpack (4.1.6) lib/action_dispatch/middleware/show_exceptions.rb:30:in `call'
  railties (4.1.6) lib/rails/rack/logger.rb:38:in `call_app'
  railties (4.1.6) lib/rails/rack/logger.rb:20:in `block in call'
  activesupport (4.1.6) lib/active_support/tagged_logging.rb:68:in `block in tagged'
  activesupport (4.1.6) lib/active_support/tagged_logging.rb:26:in `tagged'
  activesupport (4.1.6) lib/active_support/tagged_logging.rb:68:in `tagged'
  railties (4.1.6) lib/rails/rack/logger.rb:20:in `call'
  actionpack (4.1.6) lib/action_dispatch/middleware/request_id.rb:21:in `call'
  rack (1.5.2) lib/rack/methodoverride.rb:21:in `call'
  rack (1.5.2) lib/rack/runtime.rb:17:in `call'
  activesupport (4.1.6) lib/active_support/cache/strategy/local_cache_middleware.rb:26:in `call'
  rack (1.5.2) lib/rack/lock.rb:17:in `call'
  actionpack (4.1.6) lib/action_dispatch/middleware/static.rb:64:in `call'
  rack (1.5.2) lib/rack/sendfile.rb:112:in `call'
  railties (4.1.6) lib/rails/engine.rb:514:in `call'
  railties (4.1.6) lib/rails/application.rb:144:in `call'
  rack (1.5.2) lib/rack/lock.rb:17:in `call'
  rack (1.5.2) lib/rack/content_length.rb:14:in `call'
  rack (1.5.2) lib/rack/handler/webrick.rb:60:in `service'
  /Users/emily/.rbenv/versions/1.9.3-p547/lib/ruby/1.9.1/webrick/httpserver.rb:138:in `service'
  /Users/emily/.rbenv/versions/1.9.3-p547/lib/ruby/1.9.1/webrick/httpserver.rb:94:in `run'
  /Users/emily/.rbenv/versions/1.9.3-p547/lib/ruby/1.9.1/webrick/server.rb:191:in `block in start_thread'


  Rendered /Users/emily/.rbenv/versions/1.9.3-p547/lib/ruby/gems/1.9.1/gems/actionpack-4.1.6/lib/action_dispatch/middleware/templates/rescues/_trace.html.erb (1.3ms)
  Rendered /Users/emily/.rbenv/versions/1.9.3-p547/lib/ruby/gems/1.9.1/gems/actionpack-4.1.6/lib/action_dispatch/middleware/templates/routes/_route.html.erb (1.9ms)
  Rendered /Users/emily/.rbenv/versions/1.9.3-p547/lib/ruby/gems/1.9.1/gems/actionpack-4.1.6/lib/action_dispatch/middleware/templates/routes/_table.html.erb (12.4ms)
  Rendered /Users/emily/.rbenv/versions/1.9.3-p547/lib/ruby/gems/1.9.1/gems/actionpack-4.1.6/lib/action_dispatch/middleware/templates/rescues/routing_error.html.erb within rescues/layout (58.4ms)


Started GET "/apple-touch-icon.png" for 127.0.0.1 at 2014-11-05 09:04:52 -0500

ActionController::RoutingError (No route matches [GET] "/apple-touch-icon.png"):
  actionpack (4.1.6) lib/action_dispatch/middleware/debug_exceptions.rb:21:in `call'
  actionpack (4.1.6) lib/action_dispatch/middleware/show_exceptions.rb:30:in `call'
  railties (4.1.6) lib/rails/rack/logger.rb:38:in `call_app'
  railties (4.1.6) lib/rails/rack/logger.rb:20:in `block in call'
  activesupport (4.1.6) lib/active_support/tagged_logging.rb:68:in `block in tagged'
  activesupport (4.1.6) lib/active_support/tagged_logging.rb:26:in `tagged'
  activesupport (4.1.6) lib/active_support/tagged_logging.rb:68:in `tagged'
  railties (4.1.6) lib/rails/rack/logger.rb:20:in `call'
  actionpack (4.1.6) lib/action_dispatch/middleware/request_id.rb:21:in `call'
  rack (1.5.2) lib/rack/methodoverride.rb:21:in `call'
  rack (1.5.2) lib/rack/runtime.rb:17:in `call'
  activesupport (4.1.6) lib/active_support/cache/strategy/local_cache_middleware.rb:26:in `call'
  rack (1.5.2) lib/rack/lock.rb:17:in `call'
  actionpack (4.1.6) lib/action_dispatch/middleware/static.rb:64:in `call'
  rack (1.5.2) lib/rack/sendfile.rb:112:in `call'
  railties (4.1.6) lib/rails/engine.rb:514:in `call'
  railties (4.1.6) lib/rails/application.rb:144:in `call'
  rack (1.5.2) lib/rack/lock.rb:17:in `call'
  rack (1.5.2) lib/rack/content_length.rb:14:in `call'
  rack (1.5.2) lib/rack/handler/webrick.rb:60:in `service'
  /Users/emily/.rbenv/versions/1.9.3-p547/lib/ruby/1.9.1/webrick/httpserver.rb:138:in `service'
  /Users/emily/.rbenv/versions/1.9.3-p547/lib/ruby/1.9.1/webrick/httpserver.rb:94:in `run'
  /Users/emily/.rbenv/versions/1.9.3-p547/lib/ruby/1.9.1/webrick/server.rb:191:in `block in start_thread'


  Rendered /Users/emily/.rbenv/versions/1.9.3-p547/lib/ruby/gems/1.9.1/gems/actionpack-4.1.6/lib/action_dispatch/middleware/templates/rescues/_trace.html.erb (1.2ms)
  Rendered /Users/emily/.rbenv/versions/1.9.3-p547/lib/ruby/gems/1.9.1/gems/actionpack-4.1.6/lib/action_dispatch/middleware/templates/routes/_route.html.erb (2.7ms)
  Rendered /Users/emily/.rbenv/versions/1.9.3-p547/lib/ruby/gems/1.9.1/gems/actionpack-4.1.6/lib/action_dispatch/middleware/templates/routes/_table.html.erb (1.5ms)
  Rendered /Users/emily/.rbenv/versions/1.9.3-p547/lib/ruby/gems/1.9.1/gems/actionpack-4.1.6/lib/action_dispatch/middleware/templates/rescues/routing_error.html.erb within rescues/layout (31.7ms)


Started GET "/users" for 127.0.0.1 at 2014-11-05 09:04:53 -0500
Processing by UsersController#index as HTML
  [1m[35mUser Load (0.2ms)[0m  SELECT "users".* FROM "users"
  Rendered users/index.html.erb within layouts/application (2.5ms)
Completed 200 OK in 248ms (Views: 246.5ms | ActiveRecord: 0.2ms)


Started GET "/assets/microposts.css?body=1" for 127.0.0.1 at 2014-11-05 09:04:53 -0500


Started GET "/assets/users.css?body=1" for 127.0.0.1 at 2014-11-05 09:04:53 -0500


Started GET "/assets/jquery_ujs.js?body=1" for 127.0.0.1 at 2014-11-05 09:04:53 -0500


Started GET "/assets/microposts.js?body=1" for 127.0.0.1 at 2014-11-05 09:04:53 -0500


Started GET "/assets/application.css?body=1" for 127.0.0.1 at 2014-11-05 09:04:53 -0500


Started GET "/assets/users.js?body=1" for 127.0.0.1 at 2014-11-05 09:04:53 -0500


Started GET "/assets/jquery.js?body=1" for 127.0.0.1 at 2014-11-05 09:04:53 -0500


Started GET "/assets/scaffolds.css?body=1" for 127.0.0.1 at 2014-11-05 09:04:53 -0500


Started GET "/assets/turbolinks.js?body=1" for 127.0.0.1 at 2014-11-05 09:04:53 -0500


Started GET "/assets/application.js?body=1" for 127.0.0.1 at 2014-11-05 09:04:53 -0500


Started GET "/" for 127.0.0.1 at 2014-11-05 09:04:53 -0500
Processing by Rails::WelcomeController#index as HTML
  Rendered /Users/emily/.rbenv/versions/1.9.3-p547/lib/ruby/gems/1.9.1/gems/railties-4.1.6/lib/rails/templates/rails/welcome/index.html.erb (0.8ms)
Completed 200 OK in 4ms (Views: 3.1ms | ActiveRecord: 0.0ms)


Started GET "/microposts" for 127.0.0.1 at 2014-11-05 09:04:59 -0500
Processing by MicropostsController#index as HTML
  [1m[36mMicropost Load (5.6ms)[0m  [1mSELECT "microposts".* FROM "microposts"[0m
  Rendered microposts/index.html.erb within layouts/application (8.3ms)
Completed 200 OK in 107ms (Views: 98.4ms | ActiveRecord: 5.6ms)


Started GET "/microposts/new" for 127.0.0.1 at 2014-11-05 09:05:02 -0500
Processing by MicropostsController#new as HTML
  Rendered microposts/_form.html.erb (27.1ms)
  Rendered microposts/new.html.erb within layouts/application (29.3ms)
Completed 200 OK in 172ms (Views: 169.6ms | ActiveRecord: 0.4ms)
